<?xml version="1.0" encoding="UTF-8"?>
<!-- Generated by org.testng.reporters.JUnitXMLReporter -->
<testsuite hostname="Tonimas-MacBook-Air.local" ignored="0" name="Default test" tests="6" failures="0" timestamp="03 Dec 2019 00:38:07 GMT" time="41.93" errors="0">
  <testcase name="clickOnContactLinkTest" time="0.94" classname="com.autoprac.qa.testcases.HomePageTest"/>
  <testcase name="clickOnSignInLinkTest" time="6.25" classname="com.autoprac.qa.testcases.HomePageTest"/>
  <testcase name="getRegistrationPageTest" time="1.983" classname="com.autoprac.qa.testcases.HomePageTest"/>
  <testcase name="searchItemTest" time="3.516" classname="com.autoprac.qa.testcases.HomePageTest"/>
  <testcase name="verifyHomePageTitleTest" time="0.13" classname="com.autoprac.qa.testcases.HomePageTest"/>
  <testcase name="verifyLogoIsDisplayedTest" time="0.291" classname="com.autoprac.qa.testcases.HomePageTest"/>
</testsuite> <!-- Default test -->
