<?xml version="1.0" encoding="UTF-8"?>
<testng-results skipped="0" failed="1" ignored="0" total="12" passed="11">
  <reporter-output>
  </reporter-output>
  <suite name="Automation Practice automation suite" duration-ms="117356" started-at="2019-12-10T13:12:52 EST" finished-at="2019-12-10T13:14:50 EST">
    <groups>
    </groups>
    <test name="Different Automation Practice feature test" duration-ms="117356" started-at="2019-12-10T13:12:52 EST" finished-at="2019-12-10T13:14:50 EST">
      <class name="com.autoprac.qa.testcases.HomePageTest">
        <test-method status="PASS" signature="setUp()[pri:0, instance:com.autoprac.qa.testcases.HomePageTest@1e67a849]" name="setUp" is-config="true" duration-ms="4686" started-at="2019-12-10T13:13:44 EST" finished-at="2019-12-10T13:13:48 EST">
          <reporter-output>
          </reporter-output>
        </test-method> <!-- setUp -->
        <test-method status="PASS" signature="verifyLogoIsDisplayedTest()[pri:1, instance:com.autoprac.qa.testcases.HomePageTest@1e67a849]" name="verifyLogoIsDisplayedTest" duration-ms="285" started-at="2019-12-10T13:13:48 EST" description="verifying logo is displayed on HomePage" finished-at="2019-12-10T13:13:49 EST">
          <reporter-output>
          </reporter-output>
        </test-method> <!-- verifyLogoIsDisplayedTest -->
        <test-method status="PASS" signature="tearDown()[pri:0, instance:com.autoprac.qa.testcases.HomePageTest@1e67a849]" name="tearDown" is-config="true" duration-ms="186" started-at="2019-12-10T13:13:49 EST" finished-at="2019-12-10T13:13:49 EST">
          <reporter-output>
          </reporter-output>
        </test-method> <!-- tearDown -->
        <test-method status="PASS" signature="setUp()[pri:0, instance:com.autoprac.qa.testcases.HomePageTest@1e67a849]" name="setUp" is-config="true" duration-ms="5018" started-at="2019-12-10T13:13:49 EST" finished-at="2019-12-10T13:13:54 EST">
          <reporter-output>
          </reporter-output>
        </test-method> <!-- setUp -->
        <test-method status="PASS" signature="clickOnSignInLinkTest()[pri:2, instance:com.autoprac.qa.testcases.HomePageTest@1e67a849]" name="clickOnSignInLinkTest" duration-ms="7079" started-at="2019-12-10T13:13:54 EST" description="verifying SignIn link on HomePage" finished-at="2019-12-10T13:14:01 EST">
          <reporter-output>
          </reporter-output>
        </test-method> <!-- clickOnSignInLinkTest -->
        <test-method status="PASS" signature="tearDown()[pri:0, instance:com.autoprac.qa.testcases.HomePageTest@1e67a849]" name="tearDown" is-config="true" duration-ms="121" started-at="2019-12-10T13:14:01 EST" finished-at="2019-12-10T13:14:01 EST">
          <reporter-output>
          </reporter-output>
        </test-method> <!-- tearDown -->
        <test-method status="PASS" signature="setUp()[pri:0, instance:com.autoprac.qa.testcases.HomePageTest@1e67a849]" name="setUp" is-config="true" duration-ms="3939" started-at="2019-12-10T13:14:01 EST" finished-at="2019-12-10T13:14:05 EST">
          <reporter-output>
          </reporter-output>
        </test-method> <!-- setUp -->
        <test-method status="PASS" signature="getRegistrationPageTest()[pri:3, instance:com.autoprac.qa.testcases.HomePageTest@1e67a849]" name="getRegistrationPageTest" duration-ms="1273" started-at="2019-12-10T13:14:05 EST" description="getting RegistrationPage from HomePage" finished-at="2019-12-10T13:14:06 EST">
          <reporter-output>
          </reporter-output>
        </test-method> <!-- getRegistrationPageTest -->
        <test-method status="PASS" signature="tearDown()[pri:0, instance:com.autoprac.qa.testcases.HomePageTest@1e67a849]" name="tearDown" is-config="true" duration-ms="171" started-at="2019-12-10T13:14:06 EST" finished-at="2019-12-10T13:14:06 EST">
          <reporter-output>
          </reporter-output>
        </test-method> <!-- tearDown -->
        <test-method status="PASS" signature="setUp()[pri:0, instance:com.autoprac.qa.testcases.HomePageTest@1e67a849]" name="setUp" is-config="true" duration-ms="5893" started-at="2019-12-10T13:14:06 EST" finished-at="2019-12-10T13:14:12 EST">
          <reporter-output>
          </reporter-output>
        </test-method> <!-- setUp -->
        <test-method status="PASS" signature="clickOnContactLinkTest()[pri:4, instance:com.autoprac.qa.testcases.HomePageTest@1e67a849]" name="clickOnContactLinkTest" duration-ms="6447" started-at="2019-12-10T13:14:12 EST" description="verifying Contact link on HomePage" finished-at="2019-12-10T13:14:19 EST">
          <reporter-output>
          </reporter-output>
        </test-method> <!-- clickOnContactLinkTest -->
        <test-method status="PASS" signature="tearDown()[pri:0, instance:com.autoprac.qa.testcases.HomePageTest@1e67a849]" name="tearDown" is-config="true" duration-ms="113" started-at="2019-12-10T13:14:19 EST" finished-at="2019-12-10T13:14:19 EST">
          <reporter-output>
          </reporter-output>
        </test-method> <!-- tearDown -->
        <test-method status="PASS" signature="setUp()[pri:0, instance:com.autoprac.qa.testcases.HomePageTest@1e67a849]" name="setUp" is-config="true" duration-ms="3431" started-at="2019-12-10T13:14:19 EST" finished-at="2019-12-10T13:14:22 EST">
          <reporter-output>
          </reporter-output>
        </test-method> <!-- setUp -->
        <test-method status="PASS" signature="verifyHomePageTitleTest()[pri:5, instance:com.autoprac.qa.testcases.HomePageTest@1e67a849]" name="verifyHomePageTitleTest" duration-ms="142" started-at="2019-12-10T13:14:22 EST" description="verifying HomePage title" finished-at="2019-12-10T13:14:22 EST">
          <reporter-output>
          </reporter-output>
        </test-method> <!-- verifyHomePageTitleTest -->
        <test-method status="PASS" signature="tearDown()[pri:0, instance:com.autoprac.qa.testcases.HomePageTest@1e67a849]" name="tearDown" is-config="true" duration-ms="165" started-at="2019-12-10T13:14:22 EST" finished-at="2019-12-10T13:14:23 EST">
          <reporter-output>
          </reporter-output>
        </test-method> <!-- tearDown -->
        <test-method status="PASS" signature="setUp()[pri:0, instance:com.autoprac.qa.testcases.HomePageTest@1e67a849]" name="setUp" is-config="true" duration-ms="3703" started-at="2019-12-10T13:14:23 EST" finished-at="2019-12-10T13:14:26 EST">
          <reporter-output>
          </reporter-output>
        </test-method> <!-- setUp -->
        <test-method status="PASS" signature="searchItemTest()[pri:6, instance:com.autoprac.qa.testcases.HomePageTest@1e67a849]" name="searchItemTest" duration-ms="1419" started-at="2019-12-10T13:14:26 EST" description="searching item on HomePage " finished-at="2019-12-10T13:14:28 EST">
          <reporter-output>
          </reporter-output>
        </test-method> <!-- searchItemTest -->
        <test-method status="PASS" signature="tearDown()[pri:0, instance:com.autoprac.qa.testcases.HomePageTest@1e67a849]" name="tearDown" is-config="true" duration-ms="170" started-at="2019-12-10T13:14:28 EST" finished-at="2019-12-10T13:14:28 EST">
          <reporter-output>
          </reporter-output>
        </test-method> <!-- tearDown -->
      </class> <!-- com.autoprac.qa.testcases.HomePageTest -->
      <class name="com.autoprac.qa.testcases.RegistrationPageTest">
        <test-method status="PASS" signature="setUp()[pri:0, instance:com.autoprac.qa.testcases.RegistrationPageTest@57d5872c]" name="setUp" is-config="true" duration-ms="4840" started-at="2019-12-10T13:14:29 EST" finished-at="2019-12-10T13:14:33 EST">
          <reporter-output>
          </reporter-output>
        </test-method> <!-- setUp -->
        <test-method status="PASS" signature="read(java.lang.String, java.lang.String, java.lang.String, java.lang.String, java.lang.String, java.lang.String, java.lang.CharSequence, java.lang.String, java.lang.CharSequence, java.lang.String)[pri:0, instance:com.autoprac.qa.testcases.RegistrationPageTest@57d5872c]" name="read" duration-ms="6" started-at="2019-12-10T13:14:33 EST" data-provider="excelData" finished-at="2019-12-10T13:14:33 EST">
          <params>
            <param index="0">
              <value>
                <![CDATA[Chetan]]>
              </value>
            </param>
            <param index="1">
              <value>
                <![CDATA[G]]>
              </value>
            </param>
            <param index="2">
              <value>
                <![CDATA[12345]]>
              </value>
            </param>
            <param index="3">
              <value>
                <![CDATA[C-88]]>
              </value>
            </param>
            <param index="4">
              <value>
                <![CDATA[Markham]]>
              </value>
            </param>
            <param index="5">
              <value>
                <![CDATA[Ontario]]>
              </value>
            </param>
            <param index="6">
              <value>
                <![CDATA[45678]]>
              </value>
            </param>
            <param index="7">
              <value>
                <![CDATA[Canada]]>
              </value>
            </param>
            <param index="8">
              <value>
                <![CDATA[9865473451]]>
              </value>
            </param>
            <param index="9">
              <value>
                <![CDATA[C-88]]>
              </value>
            </param>
          </params>
          <reporter-output>
          </reporter-output>
        </test-method> <!-- read -->
        <test-method status="PASS" signature="tearDown()[pri:0, instance:com.autoprac.qa.testcases.RegistrationPageTest@57d5872c]" name="tearDown" is-config="true" duration-ms="186" started-at="2019-12-10T13:14:33 EST" finished-at="2019-12-10T13:14:34 EST">
          <reporter-output>
          </reporter-output>
        </test-method> <!-- tearDown -->
        <test-method status="PASS" signature="setUp()[pri:0, instance:com.autoprac.qa.testcases.RegistrationPageTest@57d5872c]" name="setUp" is-config="true" duration-ms="5621" started-at="2019-12-10T13:14:34 EST" finished-at="2019-12-10T13:14:39 EST">
          <reporter-output>
          </reporter-output>
        </test-method> <!-- setUp -->
        <test-method status="FAIL" signature="validateRegistration(java.lang.String, java.lang.String, java.lang.String, java.lang.String, java.lang.String, java.lang.String, java.lang.CharSequence, java.lang.String, java.lang.CharSequence, java.lang.String)[pri:1, instance:com.autoprac.qa.testcases.RegistrationPageTest@57d5872c]" name="validateRegistration" duration-ms="10424" started-at="2019-12-10T13:14:39 EST" description="verifying SignIn page title" data-provider="excelData" finished-at="2019-12-10T13:14:50 EST">
          <params>
            <param index="0">
              <value>
                <![CDATA[Chetan]]>
              </value>
            </param>
            <param index="1">
              <value>
                <![CDATA[G]]>
              </value>
            </param>
            <param index="2">
              <value>
                <![CDATA[12345]]>
              </value>
            </param>
            <param index="3">
              <value>
                <![CDATA[C-88]]>
              </value>
            </param>
            <param index="4">
              <value>
                <![CDATA[Markham]]>
              </value>
            </param>
            <param index="5">
              <value>
                <![CDATA[Ontario]]>
              </value>
            </param>
            <param index="6">
              <value>
                <![CDATA[45678]]>
              </value>
            </param>
            <param index="7">
              <value>
                <![CDATA[Canada]]>
              </value>
            </param>
            <param index="8">
              <value>
                <![CDATA[9865473451]]>
              </value>
            </param>
            <param index="9">
              <value>
                <![CDATA[C-88]]>
              </value>
            </param>
          </params>
          <exception class="org.openqa.selenium.NoSuchElementException">
            <message>
              <![CDATA[no such element: Unable to locate element: {"method":"css selector","selector":"#customer_firstname"}
  (Session info: chrome=78.0.3904.108)
For documentation on this error, please visit: https://www.seleniumhq.org/exceptions/no_such_element.html
Build info: version: '3.141.59', revision: 'e82be7d358', time: '2018-11-14T08:17:03'
System info: host: 'Tonimas-MacBook-Air.local', ip: 'fe80:0:0:0:1834:fac9:fc32:e654%en0', os.name: 'Mac OS X', os.arch: 'x86_64', os.version: '10.15.1', java.version: '1.8.0_131'
Driver info: org.openqa.selenium.chrome.ChromeDriver
Capabilities {acceptInsecureCerts: false, browserName: chrome, browserVersion: 78.0.3904.108, chrome: {chromedriverVersion: 78.0.3904.70 (edb9c9f3de024..., userDataDir: /var/folders/kq/djv8wj7n0cz...}, goog:chromeOptions: {debuggerAddress: localhost:51964}, javascriptEnabled: true, networkConnectionEnabled: false, pageLoadStrategy: normal, platform: MAC, platformName: MAC, proxy: Proxy(), setWindowRect: true, strictFileInteractability: false, timeouts: {implicit: 0, pageLoad: 300000, script: 30000}, unhandledPromptBehavior: dismiss and notify}
Session ID: a3eb5924b47f591a0c284e4e58f67564
*** Element info: {Using=id, value=customer_firstname}]]>
            </message>
            <full-stacktrace>
              <![CDATA[org.openqa.selenium.NoSuchElementException: no such element: Unable to locate element: {"method":"css selector","selector":"#customer_firstname"}
  (Session info: chrome=78.0.3904.108)
For documentation on this error, please visit: https://www.seleniumhq.org/exceptions/no_such_element.html
Build info: version: '3.141.59', revision: 'e82be7d358', time: '2018-11-14T08:17:03'
System info: host: 'Tonimas-MacBook-Air.local', ip: 'fe80:0:0:0:1834:fac9:fc32:e654%en0', os.name: 'Mac OS X', os.arch: 'x86_64', os.version: '10.15.1', java.version: '1.8.0_131'
Driver info: org.openqa.selenium.chrome.ChromeDriver
Capabilities {acceptInsecureCerts: false, browserName: chrome, browserVersion: 78.0.3904.108, chrome: {chromedriverVersion: 78.0.3904.70 (edb9c9f3de024..., userDataDir: /var/folders/kq/djv8wj7n0cz...}, goog:chromeOptions: {debuggerAddress: localhost:51964}, javascriptEnabled: true, networkConnectionEnabled: false, pageLoadStrategy: normal, platform: MAC, platformName: MAC, proxy: Proxy(), setWindowRect: true, strictFileInteractability: false, timeouts: {implicit: 0, pageLoad: 300000, script: 30000}, unhandledPromptBehavior: dismiss and notify}
Session ID: a3eb5924b47f591a0c284e4e58f67564
*** Element info: {Using=id, value=customer_firstname}
at sun.reflect.NativeConstructorAccessorImpl.newInstance0(Native Method)
at sun.reflect.NativeConstructorAccessorImpl.newInstance(NativeConstructorAccessorImpl.java:62)
at sun.reflect.DelegatingConstructorAccessorImpl.newInstance(DelegatingConstructorAccessorImpl.java:45)
at java.lang.reflect.Constructor.newInstance(Constructor.java:423)
at org.openqa.selenium.remote.http.W3CHttpResponseCodec.createException(W3CHttpResponseCodec.java:187)
at org.openqa.selenium.remote.http.W3CHttpResponseCodec.decode(W3CHttpResponseCodec.java:122)
at org.openqa.selenium.remote.http.W3CHttpResponseCodec.decode(W3CHttpResponseCodec.java:49)
at org.openqa.selenium.remote.HttpCommandExecutor.execute(HttpCommandExecutor.java:158)
at org.openqa.selenium.remote.service.DriverCommandExecutor.execute(DriverCommandExecutor.java:83)
at org.openqa.selenium.remote.RemoteWebDriver.execute(RemoteWebDriver.java:552)
at org.openqa.selenium.remote.RemoteWebDriver.findElement(RemoteWebDriver.java:323)
at org.openqa.selenium.remote.RemoteWebDriver.findElementById(RemoteWebDriver.java:372)
at org.openqa.selenium.By$ById.findElement(By.java:188)
at org.openqa.selenium.remote.RemoteWebDriver.findElement(RemoteWebDriver.java:315)
at sun.reflect.GeneratedMethodAccessor30.invoke(Unknown Source)
at sun.reflect.DelegatingMethodAccessorImpl.invoke(DelegatingMethodAccessorImpl.java:43)
at java.lang.reflect.Method.invoke(Method.java:498)
at org.openqa.selenium.support.events.EventFiringWebDriver.lambda$new$1(EventFiringWebDriver.java:105)
at com.sun.proxy.$Proxy10.findElement(Unknown Source)
at org.openqa.selenium.support.events.EventFiringWebDriver.findElement(EventFiringWebDriver.java:194)
at org.openqa.selenium.support.pagefactory.DefaultElementLocator.findElement(DefaultElementLocator.java:69)
at org.openqa.selenium.support.pagefactory.internal.LocatingElementHandler.invoke(LocatingElementHandler.java:38)
at com.sun.proxy.$Proxy14.sendKeys(Unknown Source)
at com.autoprac.qa.pages.RegistrationPage.validateRegistration(RegistrationPage.java:85)
at com.autoprac.qa.testcases.RegistrationPageTest.validateRegistration(RegistrationPageTest.java:64)
at sun.reflect.NativeMethodAccessorImpl.invoke0(Native Method)
at sun.reflect.NativeMethodAccessorImpl.invoke(NativeMethodAccessorImpl.java:62)
at sun.reflect.DelegatingMethodAccessorImpl.invoke(DelegatingMethodAccessorImpl.java:43)
at java.lang.reflect.Method.invoke(Method.java:498)
at org.testng.internal.MethodInvocationHelper.invokeMethod(MethodInvocationHelper.java:133)
at org.testng.internal.TestInvoker.invokeMethod(TestInvoker.java:584)
at org.testng.internal.TestInvoker.invokeTestMethod(TestInvoker.java:172)
at org.testng.internal.MethodRunner.runInSequence(MethodRunner.java:46)
at org.testng.internal.TestInvoker$MethodInvocationAgent.invoke(TestInvoker.java:804)
at org.testng.internal.TestInvoker.invokeTestMethods(TestInvoker.java:145)
at org.testng.internal.TestMethodWorker.invokeTestMethods(TestMethodWorker.java:146)
at org.testng.internal.TestMethodWorker.run(TestMethodWorker.java:128)
at java.util.ArrayList.forEach(ArrayList.java:1249)
at org.testng.TestRunner.privateRun(TestRunner.java:770)
at org.testng.TestRunner.run(TestRunner.java:591)
at org.testng.SuiteRunner.runTest(SuiteRunner.java:402)
at org.testng.SuiteRunner.runSequentially(SuiteRunner.java:396)
at org.testng.SuiteRunner.privateRun(SuiteRunner.java:355)
at org.testng.SuiteRunner.run(SuiteRunner.java:304)
at org.testng.SuiteRunnerWorker.runSuite(SuiteRunnerWorker.java:53)
at org.testng.SuiteRunnerWorker.run(SuiteRunnerWorker.java:96)
at org.testng.TestNG.runSuitesSequentially(TestNG.java:1180)
at org.testng.TestNG.runSuitesLocally(TestNG.java:1102)
at org.testng.TestNG.runSuites(TestNG.java:1032)
at org.testng.TestNG.run(TestNG.java:1000)
at org.apache.maven.surefire.testng.TestNGExecutor.run(TestNGExecutor.java:283)
at org.apache.maven.surefire.testng.TestNGXmlTestSuite.execute(TestNGXmlTestSuite.java:75)
at org.apache.maven.surefire.testng.TestNGProvider.invoke(TestNGProvider.java:120)
at org.apache.maven.surefire.booter.ForkedBooter.invokeProviderInSameClassLoader(ForkedBooter.java:384)
at org.apache.maven.surefire.booter.ForkedBooter.runSuitesInProcess(ForkedBooter.java:345)
at org.apache.maven.surefire.booter.ForkedBooter.execute(ForkedBooter.java:126)
at org.apache.maven.surefire.booter.ForkedBooter.main(ForkedBooter.java:418)
]]>
            </full-stacktrace>
          </exception> <!-- org.openqa.selenium.NoSuchElementException -->
          <reporter-output>
          </reporter-output>
        </test-method> <!-- validateRegistration -->
        <test-method status="PASS" signature="tearDown()[pri:0, instance:com.autoprac.qa.testcases.RegistrationPageTest@57d5872c]" name="tearDown" is-config="true" duration-ms="159" started-at="2019-12-10T13:14:50 EST" finished-at="2019-12-10T13:14:50 EST">
          <reporter-output>
          </reporter-output>
        </test-method> <!-- tearDown -->
      </class> <!-- com.autoprac.qa.testcases.RegistrationPageTest -->
      <class name="com.autoprac.qa.testcases.SignInPageTest">
        <test-method status="PASS" signature="setUp()[pri:0, instance:com.autoprac.qa.testcases.SignInPageTest@41ee392b]" name="setUp" is-config="true" duration-ms="7340" started-at="2019-12-10T13:12:53 EST" finished-at="2019-12-10T13:13:00 EST">
          <reporter-output>
          </reporter-output>
        </test-method> <!-- setUp -->
        <test-method status="PASS" signature="validateTitleOfSignInPageTest()[pri:1, instance:com.autoprac.qa.testcases.SignInPageTest@41ee392b]" name="validateTitleOfSignInPageTest" duration-ms="52" started-at="2019-12-10T13:13:00 EST" description="verifying SignIn page title" finished-at="2019-12-10T13:13:00 EST">
          <reporter-output>
          </reporter-output>
        </test-method> <!-- validateTitleOfSignInPageTest -->
        <test-method status="PASS" signature="tearDown()[pri:0, instance:com.autoprac.qa.testcases.SignInPageTest@41ee392b]" name="tearDown" is-config="true" duration-ms="179" started-at="2019-12-10T13:13:00 EST" finished-at="2019-12-10T13:13:00 EST">
          <reporter-output>
          </reporter-output>
        </test-method> <!-- tearDown -->
        <test-method status="PASS" signature="setUp()[pri:0, instance:com.autoprac.qa.testcases.SignInPageTest@41ee392b]" name="setUp" is-config="true" duration-ms="5744" started-at="2019-12-10T13:13:00 EST" finished-at="2019-12-10T13:13:06 EST">
          <reporter-output>
          </reporter-output>
        </test-method> <!-- setUp -->
        <test-method status="PASS" signature="SignInTest()[pri:2, instance:com.autoprac.qa.testcases.SignInPageTest@41ee392b]" name="SignInTest" duration-ms="1757" started-at="2019-12-10T13:13:06 EST" description="signin into app test " finished-at="2019-12-10T13:13:08 EST">
          <reporter-output>
          </reporter-output>
        </test-method> <!-- SignInTest -->
        <test-method status="PASS" signature="tearDown()[pri:0, instance:com.autoprac.qa.testcases.SignInPageTest@41ee392b]" name="tearDown" is-config="true" duration-ms="146" started-at="2019-12-10T13:13:08 EST" finished-at="2019-12-10T13:13:08 EST">
          <reporter-output>
          </reporter-output>
        </test-method> <!-- tearDown -->
        <test-method status="PASS" signature="setUp()[pri:0, instance:com.autoprac.qa.testcases.SignInPageTest@41ee392b]" name="setUp" is-config="true" duration-ms="10957" started-at="2019-12-10T13:13:08 EST" finished-at="2019-12-10T13:13:19 EST">
          <reporter-output>
          </reporter-output>
        </test-method> <!-- setUp -->
        <test-method status="PASS" signature="clickOnForgotPasswdLinkTest()[pri:3, instance:com.autoprac.qa.testcases.SignInPageTest@41ee392b]" name="clickOnForgotPasswdLinkTest" duration-ms="5118" started-at="2019-12-10T13:13:19 EST" description="signin from SignIn page " finished-at="2019-12-10T13:13:24 EST">
          <reporter-output>
          </reporter-output>
        </test-method> <!-- clickOnForgotPasswdLinkTest -->
        <test-method status="PASS" signature="tearDown()[pri:0, instance:com.autoprac.qa.testcases.SignInPageTest@41ee392b]" name="tearDown" is-config="true" duration-ms="125" started-at="2019-12-10T13:13:24 EST" finished-at="2019-12-10T13:13:24 EST">
          <reporter-output>
          </reporter-output>
        </test-method> <!-- tearDown -->
        <test-method status="PASS" signature="setUp()[pri:0, instance:com.autoprac.qa.testcases.SignInPageTest@41ee392b]" name="setUp" is-config="true" duration-ms="13979" started-at="2019-12-10T13:13:24 EST" finished-at="2019-12-10T13:13:38 EST">
          <reporter-output>
          </reporter-output>
        </test-method> <!-- setUp -->
        <test-method status="PASS" signature="createAccountTest()[pri:4, instance:com.autoprac.qa.testcases.SignInPageTest@41ee392b]" name="createAccountTest" duration-ms="5319" started-at="2019-12-10T13:13:38 EST" description="signin from SignIn page " finished-at="2019-12-10T13:13:43 EST">
          <reporter-output>
          </reporter-output>
        </test-method> <!-- createAccountTest -->
        <test-method status="PASS" signature="tearDown()[pri:0, instance:com.autoprac.qa.testcases.SignInPageTest@41ee392b]" name="tearDown" is-config="true" duration-ms="156" started-at="2019-12-10T13:13:43 EST" finished-at="2019-12-10T13:13:44 EST">
          <reporter-output>
          </reporter-output>
        </test-method> <!-- tearDown -->
      </class> <!-- com.autoprac.qa.testcases.SignInPageTest -->
    </test> <!-- Different Automation Practice feature test -->
  </suite> <!-- Automation Practice automation suite -->
</testng-results>
